2025-01-12 12:36:53.492 [main] WARN  com.alibaba.nacos.client.logging.NacosLogging - Load Logback Configuration of Nacos fail, message: Could not initialize Logback Nacos logging from classpath:nacos-logback.xml
2025-01-12 12:36:53.539 [main] WARN  com.alibaba.nacos.client.logging.NacosLogging - Load Logback Configuration of Nacos fail, message: Could not initialize Logback Nacos logging from classpath:nacos-logback.xml
2025-01-12 12:36:53.937 [main] WARN  com.alibaba.nacos.client.logging.NacosLogging - Load Logback Configuration of Nacos fail, message: Could not initialize Logback Nacos logging from classpath:nacos-logback.xml
2025-01-12 12:36:53.953 [main] WARN  com.alibaba.nacos.client.logging.NacosLogging - Load Logback Configuration of Nacos fail, message: Could not initialize Logback Nacos logging from classpath:nacos-logback.xml
2025-01-12 12:36:53.954 [main] INFO  com.lishuwang.xiaohongshu.kv.biz.CassandraTests - The following 1 profile is active: "dev"
2025-01-12 12:36:54.286 [main] INFO  o.s.d.r.config.RepositoryConfigurationDelegate - Bootstrapping Spring Data Reactive Cassandra repositories in DEFAULT mode.
2025-01-12 12:36:54.318 [main] INFO  o.s.d.r.config.RepositoryConfigurationDelegate - Finished Spring Data repository scanning in 26 ms. Found 0 Reactive Cassandra repository interfaces.
2025-01-12 12:36:54.322 [main] INFO  o.s.d.r.config.RepositoryConfigurationDelegate - Bootstrapping Spring Data Cassandra repositories in DEFAULT mode.
2025-01-12 12:36:54.335 [main] INFO  o.s.d.r.config.RepositoryConfigurationDelegate - Finished Spring Data repository scanning in 13 ms. Found 1 Cassandra repository interfaces.
2025-01-12 12:36:54.456 [main] INFO  o.springframework.cloud.context.scope.GenericScope - BeanFactory id=5208916b-ad16-3270-8e74-0cc9e7da7b62
2025-01-12 12:36:54.694 [main] INFO  c.d.o.driver.internal.core.DefaultMavenCoordinates - DataStax Java driver for Apache Cassandra(R) (com.datastax.oss:java-driver-core) version 4.15.0
2025-01-12 12:36:55.040 [s0-admin-0] INFO  com.datastax.oss.driver.internal.core.time.Clock - Using native clock for microsecond precision
2025-01-12 12:36:55.290 [s1-admin-0] INFO  com.datastax.oss.driver.internal.core.time.Clock - Using native clock for microsecond precision
2025-01-12 12:36:56.403 [main] INFO  com.lishuwang.xiaohongshu.kv.biz.CassandraTests - Started CassandraTests in 3.313 seconds (process running for 4.318)
2025-01-12 12:41:15.552 [main] WARN  com.alibaba.nacos.client.logging.NacosLogging - Load Logback Configuration of Nacos fail, message: Could not initialize Logback Nacos logging from classpath:nacos-logback.xml
2025-01-12 12:41:15.597 [main] WARN  com.alibaba.nacos.client.logging.NacosLogging - Load Logback Configuration of Nacos fail, message: Could not initialize Logback Nacos logging from classpath:nacos-logback.xml
2025-01-12 12:41:15.989 [main] WARN  com.alibaba.nacos.client.logging.NacosLogging - Load Logback Configuration of Nacos fail, message: Could not initialize Logback Nacos logging from classpath:nacos-logback.xml
2025-01-12 12:41:16.005 [main] WARN  com.alibaba.nacos.client.logging.NacosLogging - Load Logback Configuration of Nacos fail, message: Could not initialize Logback Nacos logging from classpath:nacos-logback.xml
2025-01-12 12:41:16.006 [main] INFO  com.lishuwang.xiaohongshu.kv.biz.CassandraTests - The following 1 profile is active: "dev"
2025-01-12 12:41:16.381 [main] INFO  o.s.d.r.config.RepositoryConfigurationDelegate - Bootstrapping Spring Data Reactive Cassandra repositories in DEFAULT mode.
2025-01-12 12:41:16.417 [main] INFO  o.s.d.r.config.RepositoryConfigurationDelegate - Finished Spring Data repository scanning in 32 ms. Found 0 Reactive Cassandra repository interfaces.
2025-01-12 12:41:16.421 [main] INFO  o.s.d.r.config.RepositoryConfigurationDelegate - Bootstrapping Spring Data Cassandra repositories in DEFAULT mode.
2025-01-12 12:41:16.433 [main] INFO  o.s.d.r.config.RepositoryConfigurationDelegate - Finished Spring Data repository scanning in 11 ms. Found 1 Cassandra repository interfaces.
2025-01-12 12:41:16.609 [main] INFO  o.springframework.cloud.context.scope.GenericScope - BeanFactory id=5208916b-ad16-3270-8e74-0cc9e7da7b62
2025-01-12 12:41:16.881 [main] INFO  c.d.o.driver.internal.core.DefaultMavenCoordinates - DataStax Java driver for Apache Cassandra(R) (com.datastax.oss:java-driver-core) version 4.15.0
2025-01-12 12:41:17.215 [s0-admin-0] INFO  com.datastax.oss.driver.internal.core.time.Clock - Using native clock for microsecond precision
2025-01-12 12:41:17.477 [s1-admin-0] INFO  com.datastax.oss.driver.internal.core.time.Clock - Using native clock for microsecond precision
2025-01-12 12:41:18.347 [main] INFO  com.lishuwang.xiaohongshu.kv.biz.CassandraTests - Started CassandraTests in 3.223 seconds (process running for 3.964)
2025-01-12 12:42:22.505 [main] WARN  com.alibaba.nacos.client.logging.NacosLogging - Load Logback Configuration of Nacos fail, message: Could not initialize Logback Nacos logging from classpath:nacos-logback.xml
2025-01-12 12:42:22.557 [main] WARN  com.alibaba.nacos.client.logging.NacosLogging - Load Logback Configuration of Nacos fail, message: Could not initialize Logback Nacos logging from classpath:nacos-logback.xml
2025-01-12 12:42:22.911 [main] WARN  com.alibaba.nacos.client.logging.NacosLogging - Load Logback Configuration of Nacos fail, message: Could not initialize Logback Nacos logging from classpath:nacos-logback.xml
2025-01-12 12:42:22.927 [main] WARN  com.alibaba.nacos.client.logging.NacosLogging - Load Logback Configuration of Nacos fail, message: Could not initialize Logback Nacos logging from classpath:nacos-logback.xml
2025-01-12 12:42:22.927 [main] INFO  com.lishuwang.xiaohongshu.kv.biz.CassandraTests - The following 1 profile is active: "dev"
2025-01-12 12:42:23.246 [main] INFO  o.s.d.r.config.RepositoryConfigurationDelegate - Bootstrapping Spring Data Reactive Cassandra repositories in DEFAULT mode.
2025-01-12 12:42:23.286 [main] INFO  o.s.d.r.config.RepositoryConfigurationDelegate - Finished Spring Data repository scanning in 35 ms. Found 0 Reactive Cassandra repository interfaces.
2025-01-12 12:42:23.294 [main] INFO  o.s.d.r.config.RepositoryConfigurationDelegate - Bootstrapping Spring Data Cassandra repositories in DEFAULT mode.
2025-01-12 12:42:23.309 [main] INFO  o.s.d.r.config.RepositoryConfigurationDelegate - Finished Spring Data repository scanning in 16 ms. Found 1 Cassandra repository interfaces.
2025-01-12 12:42:23.458 [main] INFO  o.springframework.cloud.context.scope.GenericScope - BeanFactory id=5208916b-ad16-3270-8e74-0cc9e7da7b62
2025-01-12 12:42:23.732 [main] INFO  c.d.o.driver.internal.core.DefaultMavenCoordinates - DataStax Java driver for Apache Cassandra(R) (com.datastax.oss:java-driver-core) version 4.15.0
2025-01-12 12:42:24.097 [s0-admin-0] INFO  com.datastax.oss.driver.internal.core.time.Clock - Using native clock for microsecond precision
2025-01-12 12:42:24.368 [s1-admin-0] INFO  com.datastax.oss.driver.internal.core.time.Clock - Using native clock for microsecond precision
2025-01-12 12:42:25.304 [main] INFO  com.lishuwang.xiaohongshu.kv.biz.CassandraTests - Started CassandraTests in 3.161 seconds (process running for 3.865)
2025-01-12 12:42:25.726 [main] INFO  com.lishuwang.xiaohongshu.kv.biz.CassandraTests - 查询结果：{"id":"877cd5ff-39d7-4382-a87d-dd9ce4f5345a","content":"代码测试笔记内容更新"}
2025-01-12 12:42:58.385 [main] WARN  com.alibaba.nacos.client.logging.NacosLogging - Load Logback Configuration of Nacos fail, message: Could not initialize Logback Nacos logging from classpath:nacos-logback.xml
2025-01-12 12:42:58.423 [main] WARN  com.alibaba.nacos.client.logging.NacosLogging - Load Logback Configuration of Nacos fail, message: Could not initialize Logback Nacos logging from classpath:nacos-logback.xml
2025-01-12 12:42:58.823 [main] WARN  com.alibaba.nacos.client.logging.NacosLogging - Load Logback Configuration of Nacos fail, message: Could not initialize Logback Nacos logging from classpath:nacos-logback.xml
2025-01-12 12:42:58.841 [main] WARN  com.alibaba.nacos.client.logging.NacosLogging - Load Logback Configuration of Nacos fail, message: Could not initialize Logback Nacos logging from classpath:nacos-logback.xml
2025-01-12 12:42:58.843 [main] INFO  com.lishuwang.xiaohongshu.kv.biz.CassandraTests - The following 1 profile is active: "dev"
2025-01-12 12:42:59.245 [main] INFO  o.s.d.r.config.RepositoryConfigurationDelegate - Bootstrapping Spring Data Reactive Cassandra repositories in DEFAULT mode.
2025-01-12 12:42:59.275 [main] INFO  o.s.d.r.config.RepositoryConfigurationDelegate - Finished Spring Data repository scanning in 27 ms. Found 0 Reactive Cassandra repository interfaces.
2025-01-12 12:42:59.280 [main] INFO  o.s.d.r.config.RepositoryConfigurationDelegate - Bootstrapping Spring Data Cassandra repositories in DEFAULT mode.
2025-01-12 12:42:59.293 [main] INFO  o.s.d.r.config.RepositoryConfigurationDelegate - Finished Spring Data repository scanning in 12 ms. Found 1 Cassandra repository interfaces.
2025-01-12 12:42:59.411 [main] INFO  o.springframework.cloud.context.scope.GenericScope - BeanFactory id=5208916b-ad16-3270-8e74-0cc9e7da7b62
2025-01-12 12:42:59.635 [main] INFO  c.d.o.driver.internal.core.DefaultMavenCoordinates - DataStax Java driver for Apache Cassandra(R) (com.datastax.oss:java-driver-core) version 4.15.0
2025-01-12 12:42:59.978 [s0-admin-0] INFO  com.datastax.oss.driver.internal.core.time.Clock - Using native clock for microsecond precision
2025-01-12 12:43:00.232 [s1-admin-0] INFO  com.datastax.oss.driver.internal.core.time.Clock - Using native clock for microsecond precision
2025-01-12 12:43:01.288 [main] INFO  com.lishuwang.xiaohongshu.kv.biz.CassandraTests - Started CassandraTests in 3.309 seconds (process running for 4.201)
