2025-02-12 21:38:23.003 [main] WARN  com.alibaba.nacos.client.logging.NacosLogging - Load Logback Configuration of Nacos fail, message: Could not initialize Logback Nacos logging from classpath:nacos-logback.xml
2025-02-12 21:38:23.058 [main] WARN  com.alibaba.nacos.client.logging.NacosLogging - Load Logback Configuration of Nacos fail, message: Could not initialize Logback Nacos logging from classpath:nacos-logback.xml
2025-02-12 21:38:23.455 [main] WARN  com.alibaba.nacos.client.logging.NacosLogging - Load Logback Configuration of Nacos fail, message: Could not initialize Logback Nacos logging from classpath:nacos-logback.xml
2025-02-12 21:38:23.463 [main] WARN  com.alibaba.nacos.client.logging.NacosLogging - Load Logback Configuration of Nacos fail, message: Could not initialize Logback Nacos logging from classpath:nacos-logback.xml
2025-02-12 21:38:23.463 [main] INFO  c.l.x.user.biz.XiaohongshuUserBizApplication - The following 1 profile is active: "dev"
2025-02-12 21:38:23.848 [main] INFO  o.s.d.r.config.RepositoryConfigurationDelegate - Multiple Spring Data modules found, entering strict repository configuration mode
2025-02-12 21:38:23.851 [main] INFO  o.s.d.r.config.RepositoryConfigurationDelegate - Bootstrapping Spring Data Redis repositories in DEFAULT mode.
2025-02-12 21:38:23.865 [main] INFO  o.s.d.r.config.RepositoryConfigurationDelegate - Finished Spring Data repository scanning in 5 ms. Found 0 Redis repository interfaces.
2025-02-12 21:38:24.082 [main] INFO  o.springframework.cloud.context.scope.GenericScope - BeanFactory id=01a84700-748e-3ea6-af46-ab93c3079047
2025-02-12 21:38:24.114 [main] INFO  o.s.c.s.PostProcessorRegistrationDelegate$BeanPostProcessorChecker - Bean 'com.lishuwang.xiaohongshu.oss.api.FileFeignApi' of type [org.springframework.cloud.openfeign.FeignClientFactoryBean] is not eligible for getting processed by all BeanPostProcessors (for example: not eligible for auto-proxying)
2025-02-12 21:38:24.115 [main] INFO  o.s.c.s.PostProcessorRegistrationDelegate$BeanPostProcessorChecker - Bean 'com.lishuwang.xiaohongshu.user.api.UserFeignApi' of type [org.springframework.cloud.openfeign.FeignClientFactoryBean] is not eligible for getting processed by all BeanPostProcessors (for example: not eligible for auto-proxying)
2025-02-12 21:38:24.116 [main] INFO  o.s.c.s.PostProcessorRegistrationDelegate$BeanPostProcessorChecker - Bean 'com.lishuwang.xiaohongshu.distributed.id.generator.api.DistributedIdGeneratorFeignApi' of type [org.springframework.cloud.openfeign.FeignClientFactoryBean] is not eligible for getting processed by all BeanPostProcessors (for example: not eligible for auto-proxying)
2025-02-12 21:38:24.452 [main] INFO  o.s.boot.web.embedded.tomcat.TomcatWebServer - Tomcat initialized with port(s): 8082 (http)
2025-02-12 21:38:24.459 [main] INFO  org.apache.catalina.core.StandardService - Starting service [Tomcat]
2025-02-12 21:38:24.460 [main] INFO  org.apache.catalina.core.StandardEngine - Starting Servlet engine: [Apache Tomcat/10.1.5]
2025-02-12 21:38:24.539 [main] INFO  o.a.c.core.ContainerBase.[Tomcat].[localhost].[/] - Initializing Spring embedded WebApplicationContext
2025-02-12 21:38:24.539 [main] INFO  o.s.b.w.s.c.ServletWebServerApplicationContext - Root WebApplicationContext: initialization completed in 1063 ms
2025-02-12 21:38:24.629 [main] INFO  c.a.d.s.b.a.DruidDataSourceAutoConfigure - Init DruidDataSource
2025-02-12 21:38:24.864 [main] INFO  com.alibaba.druid.pool.DruidDataSource - {dataSource-1} inited
2025-02-12 21:38:25.123 [main] INFO  o.s.cloud.openfeign.FeignClientFactoryBean - For 'xiaohongshu-oss' URL not provided. Will try picking an instance via load-balancing.
2025-02-12 21:38:25.336 [main] INFO  o.s.cloud.openfeign.FeignClientFactoryBean - For 'xiaohongshu-distributed-id-generator' URL not provided. Will try picking an instance via load-balancing.
2025-02-12 21:38:25.933 [main] INFO  o.s.boot.web.embedded.tomcat.TomcatWebServer - Tomcat started on port(s): 8082 (http) with context path ''
2025-02-12 21:38:25.938 [main] WARN  com.alibaba.nacos.client.logging.NacosLogging - Load Logback Configuration of Nacos fail, message: Could not initialize Logback Nacos logging from classpath:nacos-logback.xml
2025-02-12 21:38:25.938 [main] INFO  com.alibaba.nacos.client.naming - initializer namespace from ans.namespace attribute : null
2025-02-12 21:38:25.938 [main] INFO  com.alibaba.nacos.client.naming - initializer namespace from ALIBABA_ALIWARE_NAMESPACE attribute :null
2025-02-12 21:38:25.938 [main] INFO  com.alibaba.nacos.client.naming - initializer namespace from namespace attribute :null
2025-02-12 21:38:25.955 [main] INFO  com.alibaba.nacos.client.utils.ParamUtil - [settings] [req-serv] nacos-server port:8848
2025-02-12 21:38:25.955 [main] INFO  com.alibaba.nacos.client.utils.ParamUtil - [settings] [http-client] connect timeout:1000
2025-02-12 21:38:25.955 [main] INFO  com.alibaba.nacos.client.utils.ParamUtil - PER_TASK_CONFIG_SIZE: 3000.0
2025-02-12 21:38:25.958 [main] INFO  c.a.n.p.auth.spi.client.ClientAuthPluginManager - [ClientAuthPluginManager] Load ClientAuthService com.alibaba.nacos.client.auth.impl.NacosClientAuthServiceImpl success.
2025-02-12 21:38:25.958 [main] INFO  c.a.n.p.auth.spi.client.ClientAuthPluginManager - [ClientAuthPluginManager] Load ClientAuthService com.alibaba.nacos.client.auth.ram.RamClientAuthServiceImpl success.
2025-02-12 21:38:25.960 [main] INFO  c.a.n.client.auth.ram.identify.CredentialWatcher - null No credential found
2025-02-12 21:38:25.967 [main] INFO  com.alibaba.nacos.common.remote.client - [RpcClientFactory] create a new rpc client of ee6e96d4-e047-4768-8c6c-ad9f44d40fff
2025-02-12 21:38:25.983 [main] INFO  com.alibaba.nacos.common.remote.client - [ee6e96d4-e047-4768-8c6c-ad9f44d40fff] RpcClient init, ServerListFactory = com.alibaba.nacos.client.naming.core.ServerListManager
2025-02-12 21:38:25.983 [main] INFO  com.alibaba.nacos.common.remote.client - [ee6e96d4-e047-4768-8c6c-ad9f44d40fff] Registry connection listener to current client:com.alibaba.nacos.client.naming.remote.gprc.redo.NamingGrpcRedoService
2025-02-12 21:38:25.983 [main] INFO  com.alibaba.nacos.common.remote.client - [ee6e96d4-e047-4768-8c6c-ad9f44d40fff] Register server push request handler:com.alibaba.nacos.client.naming.remote.gprc.NamingPushRequestHandler
2025-02-12 21:38:25.986 [main] INFO  com.alibaba.nacos.common.remote.client - [ee6e96d4-e047-4768-8c6c-ad9f44d40fff] Try to connect to server on start up, server: {serverIp = '127.0.0.1', server main port = 8848}
2025-02-12 21:38:26.006 [main] INFO  c.a.nacos.common.remote.client.grpc.GrpcClient - grpc client connection server:127.0.0.1 ip,serverPort:9848,grpcTslConfig:{"sslProvider":"OPENSSL","enableTls":false,"mutualAuthEnable":false,"trustAll":false}
2025-02-12 21:38:26.717 [main] INFO  com.alibaba.nacos.common.remote.client - [ee6e96d4-e047-4768-8c6c-ad9f44d40fff] Success to connect to server [127.0.0.1:8848] on start up, connectionId = 1739367506549_172.17.0.1_43494
2025-02-12 21:38:26.717 [com.alibaba.nacos.client.remote.worker] INFO  com.alibaba.nacos.common.remote.client - [ee6e96d4-e047-4768-8c6c-ad9f44d40fff] Notify connected event to listeners.
2025-02-12 21:38:26.717 [com.alibaba.nacos.client.remote.worker] INFO  com.alibaba.nacos.client.naming - Grpc connection connect
2025-02-12 21:38:26.718 [main] INFO  com.alibaba.nacos.common.remote.client - [ee6e96d4-e047-4768-8c6c-ad9f44d40fff] Register server push request handler:com.alibaba.nacos.common.remote.client.RpcClient$ConnectResetRequestHandler
2025-02-12 21:38:26.718 [main] INFO  com.alibaba.nacos.common.remote.client - [ee6e96d4-e047-4768-8c6c-ad9f44d40fff] Register server push request handler:com.alibaba.nacos.common.remote.client.RpcClient$$Lambda$1260/0x0000028cdf9211b8
2025-02-12 21:38:26.720 [main] INFO  com.alibaba.nacos.client.naming - [REGISTER-SERVICE] xiaohongshu registering service xiaohongshu-user with instance Instance{instanceId='null', ip='192.168.1.55', port=8082, weight=1.0, healthy=true, enabled=true, ephemeral=true, clusterName='DEFAULT', serviceName='null', metadata={IPv6=[2408:8214:4611:b4e0:6967:c8e7:60e2:44c0], preserved.register.source=SPRING_CLOUD}}
2025-02-12 21:38:26.734 [main] INFO  c.a.cloud.nacos.registry.NacosServiceRegistry - nacos registry, DEFAULT_GROUP xiaohongshu-user 192.168.1.55:8082 register finished
2025-02-12 21:38:26.853 [main] INFO  c.l.x.user.biz.XiaohongshuUserBizApplication - Started XiaohongshuUserBizApplication in 4.455 seconds (process running for 5.054)
2025-02-12 21:38:26.853 [main] INFO  c.l.x.u.biz.runner.PushRolePermissions2RedisRunner - ==> 服务启动，开始同步角色权限数据到 Redis 中...
2025-02-12 21:38:27.344 [main] INFO  c.l.x.u.biz.runner.PushRolePermissions2RedisRunner - ==> 服务启动，成功同步角色权限数据到 Redis 中...
2025-02-12 21:38:56.673 [Thread-7] WARN  com.alibaba.nacos.common.notify.NotifyCenter - [NotifyCenter] Start destroying Publisher
2025-02-12 21:38:56.673 [Thread-10] WARN  c.alibaba.nacos.common.http.HttpClientBeanHolder - [HttpClientBeanHolder] Start destroying common HttpClient
2025-02-12 21:38:56.673 [Thread-7] WARN  com.alibaba.nacos.common.notify.NotifyCenter - [NotifyCenter] Destruction of the end
2025-02-12 21:38:56.673 [Thread-10] WARN  c.alibaba.nacos.common.http.HttpClientBeanHolder - [HttpClientBeanHolder] Destruction of the end
2025-02-12 21:38:56.694 [SpringApplicationShutdownHook] INFO  c.a.cloud.nacos.registry.NacosServiceRegistry - De-registering from Nacos Server now...
2025-02-12 21:38:56.694 [SpringApplicationShutdownHook] INFO  com.alibaba.nacos.client.naming - [DEREGISTER-SERVICE] xiaohongshu deregistering service xiaohongshu-user with instance: Instance{instanceId='null', ip='192.168.1.55', port=8082, weight=1.0, healthy=true, enabled=true, ephemeral=true, clusterName='DEFAULT', serviceName='null', metadata={}}
2025-02-12 21:38:56.700 [SpringApplicationShutdownHook] INFO  c.a.cloud.nacos.registry.NacosServiceRegistry - De-registration finished.
2025-02-12 21:38:56.700 [SpringApplicationShutdownHook] INFO  com.alibaba.nacos.client.naming - com.alibaba.nacos.client.naming.cache.ServiceInfoHolder do shutdown begin
2025-02-12 21:38:56.700 [SpringApplicationShutdownHook] INFO  com.alibaba.nacos.client.naming - com.alibaba.nacos.client.naming.backups.FailoverReactor do shutdown begin
2025-02-12 21:38:56.700 [SpringApplicationShutdownHook] INFO  com.alibaba.nacos.client.naming - com.alibaba.nacos.client.naming.backups.FailoverReactor do shutdown stop
2025-02-12 21:38:56.700 [SpringApplicationShutdownHook] INFO  com.alibaba.nacos.client.naming - com.alibaba.nacos.client.naming.cache.ServiceInfoHolder do shutdown stop
2025-02-12 21:38:56.700 [SpringApplicationShutdownHook] INFO  com.alibaba.nacos.client.naming - com.alibaba.nacos.client.naming.remote.NamingClientProxyDelegate do shutdown begin
2025-02-12 21:38:56.700 [SpringApplicationShutdownHook] INFO  com.alibaba.nacos.client.naming - com.alibaba.nacos.client.naming.core.ServiceInfoUpdateService do shutdown begin
2025-02-12 21:38:56.700 [SpringApplicationShutdownHook] INFO  com.alibaba.nacos.client.naming - com.alibaba.nacos.client.naming.core.ServiceInfoUpdateService do shutdown stop
2025-02-12 21:38:56.700 [SpringApplicationShutdownHook] INFO  com.alibaba.nacos.client.naming - com.alibaba.nacos.client.naming.core.ServerListManager do shutdown begin
2025-02-12 21:38:56.700 [SpringApplicationShutdownHook] WARN  com.alibaba.nacos.client.naming - [NamingHttpClientManager] Start destroying NacosRestTemplate
2025-02-12 21:38:56.700 [SpringApplicationShutdownHook] WARN  com.alibaba.nacos.client.naming - [NamingHttpClientManager] Destruction of the end
2025-02-12 21:38:56.700 [SpringApplicationShutdownHook] INFO  com.alibaba.nacos.client.naming - com.alibaba.nacos.client.naming.core.ServerListManager do shutdown stop
2025-02-12 21:38:56.700 [SpringApplicationShutdownHook] INFO  com.alibaba.nacos.client.naming - com.alibaba.nacos.client.naming.remote.http.NamingHttpClientProxy do shutdown begin
2025-02-12 21:38:56.700 [SpringApplicationShutdownHook] WARN  com.alibaba.nacos.client.naming - [NamingHttpClientManager] Start destroying NacosRestTemplate
2025-02-12 21:38:56.700 [SpringApplicationShutdownHook] WARN  com.alibaba.nacos.client.naming - [NamingHttpClientManager] Destruction of the end
2025-02-12 21:38:56.700 [SpringApplicationShutdownHook] INFO  com.alibaba.nacos.client.naming - com.alibaba.nacos.client.naming.remote.http.NamingHttpClientProxy do shutdown stop
2025-02-12 21:38:56.700 [SpringApplicationShutdownHook] INFO  com.alibaba.nacos.common.remote.client - Shutdown rpc client, set status to shutdown
2025-02-12 21:38:56.700 [SpringApplicationShutdownHook] INFO  com.alibaba.nacos.common.remote.client - Shutdown client event executor java.util.concurrent.ScheduledThreadPoolExecutor@2926ae8d[Running, pool size = 2, active threads = 2, queued tasks = 0, completed tasks = 0]
2025-02-12 21:38:56.701 [SpringApplicationShutdownHook] INFO  com.alibaba.nacos.common.remote.client - Close current connection 1739367506549_172.17.0.1_43494
2025-02-12 21:38:56.703 [nacos-grpc-client-executor-127.0.0.1-16] WARN  c.a.nacos.common.remote.client.grpc.GrpcClient - [1739367506549_172.17.0.1_43494]Ignore error event,isRunning:false,isAbandon=false
2025-02-12 21:38:56.704 [SpringApplicationShutdownHook] INFO  c.a.nacos.common.remote.client.grpc.GrpcClient - Shutdown grpc executor java.util.concurrent.ThreadPoolExecutor@10f2e995[Running, pool size = 5, active threads = 0, queued tasks = 0, completed tasks = 17]
2025-02-12 21:38:56.704 [SpringApplicationShutdownHook] INFO  com.alibaba.nacos.client.naming - Shutdown grpc redo service executor java.util.concurrent.ScheduledThreadPoolExecutor@942f1d0[Running, pool size = 1, active threads = 0, queued tasks = 1, completed tasks = 10]
2025-02-12 21:38:56.704 [SpringApplicationShutdownHook] INFO  c.a.n.client.auth.ram.identify.CredentialWatcher - [null] CredentialWatcher is stopped
2025-02-12 21:38:56.704 [SpringApplicationShutdownHook] INFO  c.a.n.client.auth.ram.identify.CredentialService - [null] CredentialService is freed
2025-02-12 21:38:56.704 [SpringApplicationShutdownHook] INFO  com.alibaba.nacos.client.naming - com.alibaba.nacos.client.naming.remote.NamingClientProxyDelegate do shutdown stop
2025-02-12 21:38:56.826 [SpringApplicationShutdownHook] INFO  com.alibaba.druid.pool.DruidDataSource - {dataSource-1} closing ...
2025-02-12 21:38:56.832 [SpringApplicationShutdownHook] INFO  com.alibaba.druid.pool.DruidDataSource - {dataSource-1} closed
